<?xml version="1.0" encoding="UTF-8"?>
<testng-results skipped="0" failed="0" total="1" passed="1">
  <reporter-output>
  </reporter-output>
  <suite name="Suite" duration-ms="17060" started-at="2019-03-14T06:37:58Z" finished-at="2019-03-14T06:38:16Z">
    <groups>
    </groups>
    <test name="Test" duration-ms="17060" started-at="2019-03-14T06:37:58Z" finished-at="2019-03-14T06:38:16Z">
      <class name="MavenPackage.assertingTitle">
        <test-method status="PASS" signature="beforeTest()[pri:0, instance:MavenPackage.assertingTitle@3cda1055]" name="beforeTest" is-config="true" duration-ms="4960" started-at="2019-03-14T12:07:58Z" finished-at="2019-03-14T12:08:03Z">
          <reporter-output>
          </reporter-output>
        </test-method> <!-- beforeTest -->
        <test-method status="PASS" signature="testMethod()[pri:0, instance:MavenPackage.assertingTitle@3cda1055]" name="testMethod" duration-ms="5644" started-at="2019-03-14T12:08:03Z" finished-at="2019-03-14T12:08:09Z">
          <reporter-output>
          </reporter-output>
        </test-method> <!-- testMethod -->
        <test-method status="PASS" signature="afterTest()[pri:0, instance:MavenPackage.assertingTitle@3cda1055]" name="afterTest" is-config="true" duration-ms="6450" started-at="2019-03-14T12:08:09Z" finished-at="2019-03-14T12:08:16Z">
          <reporter-output>
          </reporter-output>
        </test-method> <!-- afterTest -->
      </class> <!-- MavenPackage.assertingTitle -->
    </test> <!-- Test -->
  </suite> <!-- Suite -->
</testng-results>
