<?xml version="1.0" encoding="UTF-8"?>
<testng-results skipped="0" failed="0" total="1" passed="1">
  <reporter-output>
  </reporter-output>
  <suite name="Suite" duration-ms="14402" started-at="2019-03-14T06:43:00Z" finished-at="2019-03-14T06:43:15Z">
    <groups>
    </groups>
    <test name="Test" duration-ms="14402" started-at="2019-03-14T06:43:00Z" finished-at="2019-03-14T06:43:15Z">
      <class name="MavenPackage.assertingTitle">
        <test-method status="PASS" signature="beforeTest()[pri:0, instance:MavenPackage.assertingTitle@675d3402]" name="beforeTest" is-config="true" duration-ms="4921" started-at="2019-03-14T12:13:00Z" finished-at="2019-03-14T12:13:05Z">
          <reporter-output>
          </reporter-output>
        </test-method> <!-- beforeTest -->
        <test-method status="PASS" signature="testMethod()[pri:0, instance:MavenPackage.assertingTitle@675d3402]" name="testMethod" duration-ms="3185" started-at="2019-03-14T12:13:05Z" finished-at="2019-03-14T12:13:08Z">
          <reporter-output>
          </reporter-output>
        </test-method> <!-- testMethod -->
        <test-method status="PASS" signature="afterTest()[pri:0, instance:MavenPackage.assertingTitle@675d3402]" name="afterTest" is-config="true" duration-ms="6283" started-at="2019-03-14T12:13:08Z" finished-at="2019-03-14T12:13:15Z">
          <reporter-output>
          </reporter-output>
        </test-method> <!-- afterTest -->
      </class> <!-- MavenPackage.assertingTitle -->
    </test> <!-- Test -->
  </suite> <!-- Suite -->
</testng-results>
